#
# There is insufficient memory for the Java Runtime Environment to continue.
# Native memory allocation (malloc) failed to allocate 32744 bytes for ChunkPool::allocate
# Possible reasons:
#   The system is out of physical RAM or swap space
#   In 32 bit mode, the process size limit was hit
# Possible solutions:
#   Reduce memory load on the system
#   Increase physical memory or swap space
#   Check if swap backing store is full
#   Use 64 bit Java on a 64 bit OS
#   Decrease Java heap size (-Xmx/-Xms)
#   Decrease number of Java threads
#   Decrease Java thread stack sizes (-Xss)
#   Set larger code cache with -XX:ReservedCodeCacheSize=
# This output file may be truncated or incomplete.
#
#  Out of Memory Error (allocation.cpp:273), pid=6304, tid=0x000000000000292c
#
# JRE version: Java(TM) SE Runtime Environment (8.0_171-b11) (build 1.8.0_171-b11)
# Java VM: Java HotSpot(TM) 64-Bit Server VM (25.171-b11 mixed mode windows-amd64 compressed oops)
# Failed to write core dump. Minidumps are not enabled by default on client versions of Windows
#

---------------  T H R E A D  ---------------

Current thread (0x0000000014a6e800):  JavaThread "C2 CompilerThread0" daemon [_thread_in_native, id=10540, stack(0x0000000015c10000,0x0000000015d10000)]

Stack: [0x0000000015c10000,0x0000000015d10000]
[error occurred during error reporting (printing stack bounds), id 0xc0000005]

Native frames: (J=compiled Java code, j=interpreted, Vv=VM code, C=native code)


Current CompileTask:
C2:  19702 4816   !   4       org.springframework.core.annotation.AnnotatedElementUtils::searchWithFindSemantics (774 bytes)


---------------  P R O C E S S  ---------------

Java Threads: ( => current thread )
  0x00000000196cc000 JavaThread "HikariPool-1 housekeeper" daemon [_thread_blocked, id=2488, stack(0x000000001c2e0000,0x000000001c3e0000)]
  0x0000000019c28000 JavaThread "mysql-cj-abandoned-connection-cleanup" daemon [_thread_blocked, id=6656, stack(0x000000001bd70000,0x000000001be70000)]
  0x0000000016732800 JavaThread "ReaderThread" [_thread_in_native, id=12824, stack(0x0000000016f60000,0x0000000017060000)]
  0x0000000015ef2000 JavaThread "Service Thread" daemon [_thread_blocked, id=8116, stack(0x0000000016390000,0x0000000016490000)]
  0x0000000014aca000 JavaThread "C1 CompilerThread1" daemon [_thread_blocked, id=7584, stack(0x0000000015df0000,0x0000000015ef0000)]
=>0x0000000014a6e800 JavaThread "C2 CompilerThread0" daemon [_thread_in_native, id=10540, stack(0x0000000015c10000,0x0000000015d10000)]
  0x0000000014a6d000 JavaThread "Attach Listener" daemon [_thread_blocked, id=11884, stack(0x0000000015ab0000,0x0000000015bb0000)]
  0x0000000014a72000 JavaThread "Signal Dispatcher" daemon [_thread_blocked, id=12244, stack(0x0000000015980000,0x0000000015a80000)]
  0x0000000014a54000 JavaThread "Finalizer" daemon [_thread_blocked, id=7472, stack(0x0000000015760000,0x0000000015860000)]
  0x0000000014a0c800 JavaThread "Reference Handler" daemon [_thread_blocked, id=10000, stack(0x0000000015600000,0x0000000015700000)]
  0x0000000002013800 JavaThread "main" [_thread_in_vm, id=4088, stack(0x00000000023c0000,0x00000000024c0000)]

Other Threads:
  0x0000000014a03000 VMThread [stack: 0x00000000153b0000,0x00000000154b0000] [id=10264]
  0x0000000015f2f800 WatcherThread [stack: 0x00000000164a0000,0x00000000165a0000] [id=8784]

VM state:not at safepoint (normal execution)

VM Mutex/Monitor currently owned by a thread: None

Heap:
 PSYoungGen      total 234496K, used 50914K [0x00000000eab00000, 0x00000000fa680000, 0x0000000100000000)
  eden space 219136K, 19% used [0x00000000eab00000,0x00000000ed4d9b40,0x00000000f8100000)
  from space 15360K, 52% used [0x00000000f9000000,0x00000000f97df088,0x00000000f9f00000)
  to   space 15360K, 0% used [0x00000000f8100000,0x00000000f8100000,0x00000000f9000000)
 ParOldGen       total 48128K, used 30489K [0x00000000c0000000, 0x00000000c2f00000, 0x00000000eab00000)
  object space 48128K, 63% used [0x00000000c0000000,0x00000000c1dc65c8,0x00000000c2f00000)
 Metaspace       used 54886K, capacity 57456K, committed 57768K, reserved 1099776K
  class space    used 7688K, capacity 8111K, committed 8112K, reserved 1048576K

Card table byte_map: [0x0000000011880000,0x0000000011a90000] byte_map_base: 0x0000000011280000

Marking Bits: (ParMarkBitMap*) 0x000000005e9008c0
 Begin Bits: [0x0000000011ed0000, 0x0000000012ed0000)
 End Bits:   [0x0000000012ed0000, 0x0000000013ed0000)

Polling page: 0x0000000001fd0000

CodeCache: size=245760Kb used=16348Kb max_used=16348Kb free=229411Kb
 bounds [0x00000000024c0000, 0x00000000034d0000, 0x00000000114c0000]
 total_blobs=5113 nmethods=4600 adapters=426
 compilation: enabled

Compilation events (10 events):
Event: 19.128 Thread 0x0000000014aca000 4906       2       java.util.Calendar::complete (40 bytes)
Event: 19.129 Thread 0x0000000014aca000 nmethod 4906 0x00000000034bf450 code [0x00000000034bf5c0, 0x00000000034bf7b8]
Event: 19.129 Thread 0x0000000014aca000 4907       2       org.springframework.core.ResolvableType$WildcardBounds::get (134 bytes)
Event: 19.130 Thread 0x0000000014aca000 nmethod 4907 0x00000000034bf890 code [0x00000000034bfa60, 0x00000000034c0038]
Event: 19.130 Thread 0x0000000014aca000 4908       2       java.util.IdentityHashMap::put (137 bytes)
Event: 19.130 Thread 0x0000000014aca000 nmethod 4908 0x00000000034c0450 code [0x00000000034c05e0, 0x00000000034c0af8]
Event: 19.156 Thread 0x0000000014aca000 4909       2       java.util.HashMap::<init> (17 bytes)
Event: 19.156 Thread 0x0000000014aca000 nmethod 4909 0x00000000034c0e90 code [0x00000000034c1000, 0x00000000034c1188]
Event: 19.165 Thread 0x0000000014aca000 4910       2       org.springframework.beans.factory.support.AbstractBeanDefinition::setAutowireMode (6 bytes)
Event: 19.165 Thread 0x0000000014aca000 nmethod 4910 0x00000000034c1210 code [0x00000000034c1360, 0x00000000034c14b0]

GC Heap History (10 events):
Event: 9.546 GC heap before
{Heap before GC invocations=10 (full 1):
 PSYoungGen      total 118272K, used 118257K [0x00000000eab00000, 0x00000000f3480000, 0x0000000100000000)
  eden space 113152K, 100% used [0x00000000eab00000,0x00000000f1980000,0x00000000f1980000)
  from space 5120K, 99% used [0x00000000f2f80000,0x00000000f347c7d0,0x00000000f3480000)
  to   space 6656K, 0% used [0x00000000f2780000,0x00000000f2780000,0x00000000f2e00000)
 ParOldGen       total 30208K, used 6276K [0x00000000c0000000, 0x00000000c1d80000, 0x00000000eab00000)
  object space 30208K, 20% used [0x00000000c0000000,0x00000000c06210e8,0x00000000c1d80000)
 Metaspace       used 30491K, capacity 31716K, committed 32048K, reserved 1077248K
  class space    used 4045K, capacity 4319K, committed 4400K, reserved 1048576K
Event: 9.580 GC heap after
Heap after GC invocations=10 (full 1):
 PSYoungGen      total 134144K, used 6625K [0x00000000eab00000, 0x00000000f5b80000, 0x0000000100000000)
  eden space 127488K, 0% used [0x00000000eab00000,0x00000000eab00000,0x00000000f2780000)
  from space 6656K, 99% used [0x00000000f2780000,0x00000000f2df8580,0x00000000f2e00000)
  to   space 9216K, 0% used [0x00000000f5280000,0x00000000f5280000,0x00000000f5b80000)
 ParOldGen       total 30208K, used 10273K [0x00000000c0000000, 0x00000000c1d80000, 0x00000000eab00000)
  object space 30208K, 34% used [0x00000000c0000000,0x00000000c0a087e0,0x00000000c1d80000)
 Metaspace       used 30491K, capacity 31716K, committed 32048K, reserved 1077248K
  class space    used 4045K, capacity 4319K, committed 4400K, reserved 1048576K
}
Event: 10.795 GC heap before
{Heap before GC invocations=11 (full 1):
 PSYoungGen      total 134144K, used 52392K [0x00000000eab00000, 0x00000000f5b80000, 0x0000000100000000)
  eden space 127488K, 35% used [0x00000000eab00000,0x00000000ed7b1c48,0x00000000f2780000)
  from space 6656K, 99% used [0x00000000f2780000,0x00000000f2df8580,0x00000000f2e00000)
  to   space 9216K, 0% used [0x00000000f5280000,0x00000000f5280000,0x00000000f5b80000)
 ParOldGen       total 30208K, used 10273K [0x00000000c0000000, 0x00000000c1d80000, 0x00000000eab00000)
  object space 30208K, 34% used [0x00000000c0000000,0x00000000c0a087e0,0x00000000c1d80000)
 Metaspace       used 34063K, capacity 35394K, committed 35496K, reserved 1079296K
  class space    used 4452K, capacity 4750K, committed 4784K, reserved 1048576K
Event: 10.816 GC heap after
Heap after GC invocations=11 (full 1):
 PSYoungGen      total 169984K, used 9185K [0x00000000eab00000, 0x00000000f7180000, 0x0000000100000000)
  eden space 160768K, 0% used [0x00000000eab00000,0x00000000eab00000,0x00000000f4800000)
  from space 9216K, 99% used [0x00000000f5280000,0x00000000f5b785a0,0x00000000f5b80000)
  to   space 10752K, 0% used [0x00000000f4800000,0x00000000f4800000,0x00000000f5280000)
 ParOldGen       total 30208K, used 12295K [0x00000000c0000000, 0x00000000c1d80000, 0x00000000eab00000)
  object space 30208K, 40% used [0x00000000c0000000,0x00000000c0c01c08,0x00000000c1d80000)
 Metaspace       used 34063K, capacity 35394K, committed 35496K, reserved 1079296K
  class space    used 4452K, capacity 4750K, committed 4784K, reserved 1048576K
}
Event: 10.816 GC heap before
{Heap before GC invocations=12 (full 2):
 PSYoungGen      total 169984K, used 9185K [0x00000000eab00000, 0x00000000f7180000, 0x0000000100000000)
  eden space 160768K, 0% used [0x00000000eab00000,0x00000000eab00000,0x00000000f4800000)
  from space 9216K, 99% used [0x00000000f5280000,0x00000000f5b785a0,0x00000000f5b80000)
  to   space 10752K, 0% used [0x00000000f4800000,0x00000000f4800000,0x00000000f5280000)
 ParOldGen       total 30208K, used 12295K [0x00000000c0000000, 0x00000000c1d80000, 0x00000000eab00000)
  object space 30208K, 40% used [0x00000000c0000000,0x00000000c0c01c08,0x00000000c1d80000)
 Metaspace       used 34063K, capacity 35394K, committed 35496K, reserved 1079296K
  class space    used 4452K, capacity 4750K, committed 4784K, reserved 1048576K
Event: 10.898 GC heap after
Heap after GC invocations=12 (full 2):
 PSYoungGen      total 169984K, used 0K [0x00000000eab00000, 0x00000000f7180000, 0x0000000100000000)
  eden space 160768K, 0% used [0x00000000eab00000,0x00000000eab00000,0x00000000f4800000)
  from space 9216K, 0% used [0x00000000f5280000,0x00000000f5280000,0x00000000f5b80000)
  to   space 10752K, 0% used [0x00000000f4800000,0x00000000f4800000,0x00000000f5280000)
 ParOldGen       total 48128K, used 15450K [0x00000000c0000000, 0x00000000c2f00000, 0x00000000eab00000)
  object space 48128K, 32% used [0x00000000c0000000,0x00000000c0f16a50,0x00000000c2f00000)
 Metaspace       used 34063K, capacity 35394K, committed 35496K, reserved 1079296K
  class space    used 4452K, capacity 4750K, committed 4784K, reserved 1048576K
}
Event: 16.407 GC heap before
{Heap before GC invocations=13 (full 2):
 PSYoungGen      total 169984K, used 160768K [0x00000000eab00000, 0x00000000f7180000, 0x0000000100000000)
  eden space 160768K, 100% used [0x00000000eab00000,0x00000000f4800000,0x00000000f4800000)
  from space 9216K, 0% used [0x00000000f5280000,0x00000000f5280000,0x00000000f5b80000)
  to   space 10752K, 0% used [0x00000000f4800000,0x00000000f4800000,0x00000000f5280000)
 ParOldGen       total 48128K, used 15450K [0x00000000c0000000, 0x00000000c2f00000, 0x00000000eab00000)
  object space 48128K, 32% used [0x00000000c0000000,0x00000000c0f16a50,0x00000000c2f00000)
 Metaspace       used 51178K, capacity 53204K, committed 53416K, reserved 1095680K
  class space    used 7128K, capacity 7517K, committed 7600K, reserved 1048576K
Event: 16.456 GC heap after
Heap after GC invocations=13 (full 2):
 PSYoungGen      total 171520K, used 10734K [0x00000000eab00000, 0x00000000f9f00000, 0x0000000100000000)
  eden space 160768K, 0% used [0x00000000eab00000,0x00000000eab00000,0x00000000f4800000)
  from space 10752K, 99% used [0x00000000f4800000,0x00000000f527ba88,0x00000000f5280000)
  to   space 15360K, 0% used [0x00000000f9000000,0x00000000f9000000,0x00000000f9f00000)
 ParOldGen       total 48128K, used 24310K [0x00000000c0000000, 0x00000000c2f00000, 0x00000000eab00000)
  object space 48128K, 50% used [0x00000000c0000000,0x00000000c17bd9a0,0x00000000c2f00000)
 Metaspace       used 51178K, capacity 53204K, committed 53416K, reserved 1095680K
  class space    used 7128K, capacity 7517K, committed 7600K, reserved 1048576K
}
Event: 18.596 GC heap before
{Heap before GC invocations=14 (full 2):
 PSYoungGen      total 171520K, used 171502K [0x00000000eab00000, 0x00000000f9f00000, 0x0000000100000000)
  eden space 160768K, 100% used [0x00000000eab00000,0x00000000f4800000,0x00000000f4800000)
  from space 10752K, 99% used [0x00000000f4800000,0x00000000f527ba88,0x00000000f5280000)
  to   space 15360K, 0% used [0x00000000f9000000,0x00000000f9000000,0x00000000f9f00000)
 ParOldGen       total 48128K, used 24310K [0x00000000c0000000, 0x00000000c2f00000, 0x00000000eab00000)
  object space 48128K, 50% used [0x00000000c0000000,0x00000000c17bd9a0,0x00000000c2f00000)
 Metaspace       used 54106K, capacity 56692K, committed 57000K, reserved 1097728K
  class space    used 7568K, capacity 7997K, committed 8112K, reserved 1048576K
Event: 18.706 GC heap after
Heap after GC invocations=14 (full 2):
 PSYoungGen      total 234496K, used 8060K [0x00000000eab00000, 0x00000000fa680000, 0x0000000100000000)
  eden space 219136K, 0% used [0x00000000eab00000,0x00000000eab00000,0x00000000f8100000)
  from space 15360K, 52% used [0x00000000f9000000,0x00000000f97df088,0x00000000f9f00000)
  to   space 15360K, 0% used [0x00000000f8100000,0x00000000f8100000,0x00000000f9000000)
 ParOldGen       total 48128K, used 30489K [0x00000000c0000000, 0x00000000c2f00000, 0x00000000eab00000)
  object space 48128K, 63% used [0x00000000c0000000,0x00000000c1dc65c8,0x00000000c2f00000)
 Metaspace       used 54106K, capacity 56692K, committed 57000K, reserved 1097728K
  class space    used 7568K, capacity 7997K, committed 8112K, reserved 1048576K
}

Deoptimization events (10 events):
Event: 17.788 Thread 0x0000000002013800 Uncommon trap: reason=array_check action=maybe_recompile pc=0x0000000003425150 method=java.util.AbstractCollection.toArray([Ljava/lang/Object;)[Ljava/lang/Object; @ 119
Event: 17.790 Thread 0x0000000002013800 Uncommon trap: reason=array_check action=maybe_recompile pc=0x0000000003425150 method=java.util.AbstractCollection.toArray([Ljava/lang/Object;)[Ljava/lang/Object; @ 119
Event: 17.804 Thread 0x0000000002013800 Uncommon trap: reason=array_check action=maybe_recompile pc=0x0000000003425150 method=java.util.AbstractCollection.toArray([Ljava/lang/Object;)[Ljava/lang/Object; @ 119
Event: 17.805 Thread 0x0000000002013800 Uncommon trap: reason=array_check action=maybe_recompile pc=0x0000000003425150 method=java.util.AbstractCollection.toArray([Ljava/lang/Object;)[Ljava/lang/Object; @ 119
Event: 17.927 Thread 0x0000000002013800 Uncommon trap: reason=null_check action=make_not_entrant pc=0x00000000034662c4 method=org.springframework.core.annotation.AnnotatedElementUtils.searchWithGetSemanticsInAnnotations(Ljava/lang/reflect/AnnotatedElement;Ljava/util/List;Ljava/util/Set;Ljava/la
Event: 17.962 Thread 0x0000000002013800 Uncommon trap: reason=unstable_if action=reinterpret pc=0x000000000325cc74 method=org.springframework.beans.factory.support.AbstractBeanFactory.isTypeMatch(Ljava/lang/String;Lorg/springframework/core/ResolvableType;)Z @ 26
Event: 18.147 Thread 0x0000000002013800 Uncommon trap: reason=unstable_if action=reinterpret pc=0x0000000002923de0 method=java.util.concurrent.ConcurrentHashMap.transfer([Ljava/util/concurrent/ConcurrentHashMap$Node;[Ljava/util/concurrent/ConcurrentHashMap$Node;)V @ 356
Event: 18.148 Thread 0x0000000002013800 Uncommon trap: reason=unstable_if action=reinterpret pc=0x0000000002927980 method=java.util.concurrent.ConcurrentHashMap.transfer([Ljava/util/concurrent/ConcurrentHashMap$Node;[Ljava/util/concurrent/ConcurrentHashMap$Node;)V @ 356
Event: 19.120 Thread 0x0000000002013800 Uncommon trap: reason=unstable_if action=reinterpret pc=0x0000000002795944 method=org.springframework.util.ConcurrentReferenceHashMap$Segment.clear()V @ 4
Event: 19.176 Thread 0x0000000002013800 Uncommon trap: reason=unstable_if action=reinterpret pc=0x0000000002b68e3c method=org.springframework.core.annotation.AnnotatedElementUtils$MergedAnnotationAttributesProcessor.<init>(ZZZ)V @ 21

Classes redefined (0 events):
No events

Internal exceptions (10 events):
Event: 19.078 Thread 0x0000000002013800 Exception <a 'java/lang/ClassNotFoundException': java/lang/ObjectCustomizer> (0x00000000ec9d7580) thrown at [C:\re\workspace\8-2-build-windows-amd64-cygwin\jdk8u171\10807\hotspot\src\share\vm\classfile\systemDictionary.cpp, line 210]
Event: 19.080 Thread 0x0000000002013800 Exception <a 'java/lang/ClassNotFoundException': org/springframework/boot/autoconfigure/webservices/client/WebServiceTemplateAutoConfigurationCustomizer> (0x00000000eca05768) thrown at [C:\re\workspace\8-2-build-windows-amd64-cygwin\jdk8u171\10807\hotspot
Event: 19.081 Thread 0x0000000002013800 Exception <a 'java/lang/ClassNotFoundException': org/springframework/boot/autoconfigure/webservices/client/WebServiceTemplateAutoConfiguration$$EnhancerBySpringCGLIB$$15d51578Customizer> (0x00000000eca3c158) thrown at [C:\re\workspace\8-2-build-windows-am
Event: 19.083 Thread 0x0000000002013800 Exception <a 'java/lang/ClassNotFoundException': org/springframework/context/annotation/ConfigurationClassEnhancer$EnhancedConfigurationCustomizer> (0x00000000eca6c0d0) thrown at [C:\re\workspace\8-2-build-windows-amd64-cygwin\jdk8u171\10807\hotspot\src\s
Event: 19.084 Thread 0x0000000002013800 Exception <a 'java/lang/ClassNotFoundException': org/springframework/beans/factory/BeanFactoryAwareCustomizer> (0x00000000eca896e0) thrown at [C:\re\workspace\8-2-build-windows-amd64-cygwin\jdk8u171\10807\hotspot\src\share\vm\classfile\systemDictionary.cp
Event: 19.085 Thread 0x0000000002013800 Exception <a 'java/lang/ClassNotFoundException': org/springframework/beans/factory/AwareCustomizer> (0x00000000ecaa49c8) thrown at [C:\re\workspace\8-2-build-windows-amd64-cygwin\jdk8u171\10807\hotspot\src\share\vm\classfile\systemDictionary.cpp, line 210
Event: 19.094 Thread 0x0000000002013800 Exception <a 'java/lang/ClassNotFoundException': org/springframework/boot/webservices/client/WebServiceTemplateBuilderBeanInfo> (0x00000000ecb5df10) thrown at [C:\re\workspace\8-2-build-windows-amd64-cygwin\jdk8u171\10807\hotspot\src\share\vm\classfile\sy
Event: 19.095 Thread 0x0000000002013800 Exception <a 'java/lang/ClassNotFoundException': org/springframework/boot/webservices/client/WebServiceTemplateBuilderCustomizer> (0x00000000ecb80c18) thrown at [C:\re\workspace\8-2-build-windows-amd64-cygwin\jdk8u171\10807\hotspot\src\share\vm\classfile\
Event: 19.165 Thread 0x0000000002013800 Exception <a 'java/lang/ClassNotFoundException': java/lang/ObjectCustomizer> (0x00000000ecec64d0) thrown at [C:\re\workspace\8-2-build-windows-amd64-cygwin\jdk8u171\10807\hotspot\src\share\vm\classfile\systemDictionary.cpp, line 210]
Event: 19.167 Thread 0x0000000002013800 Exception <a 'java/lang/ClassNotFoundException': com/projectManager/projectManager/ProjectManagerApplicationTestsCustomizer> (0x00000000eceeaed8) thrown at [C:\re\workspace\8-2-build-windows-amd64-cygwin\jdk8u171\10807\hotspot\src\share\vm\classfile\syste

Events (10 events):
Event: 19.498 loading class org/mockito/internal/creation/bytebuddy/TypeCachingBytecodeGenerator
Event: 19.498 loading class org/mockito/internal/creation/bytebuddy/TypeCachingBytecodeGenerator done
Event: 19.499 loading class org/mockito/internal/creation/bytebuddy/SubclassBytecodeGenerator
Event: 19.499 loading class org/mockito/internal/creation/bytebuddy/SubclassBytecodeGenerator done
Event: 19.503 loading class net/bytebuddy/implementation/attribute/MethodAttributeAppender$ForInstrumentedMethod
Event: 19.511 loading class net/bytebuddy/implementation/attribute/MethodAttributeAppender$ForInstrumentedMethod done
Event: 19.549 loading class org/mockito/internal/creation/bytebuddy/MockMethodInterceptor$DispatcherDefaultingToRealMethod
Event: 19.549 loading class org/mockito/internal/creation/bytebuddy/MockMethodInterceptor$DispatcherDefaultingToRealMethod done
Event: 19.550 loading class org/mockito/internal/invocation/RealMethod
Event: 19.550 loading class org/mockito/internal/invocation/RealMethod done


Dynamic libraries:
0x000000013f960000 - 0x000000013f997000 	C:\Program Files\Java\jre1.8.0_171\bin\javaw.exe
0x0000000076ea0000 - 0x000000007703f000 	C:\Windows\SYSTEM32\ntdll.dll
0x0000000076d80000 - 0x0000000076e9f000 	C:\Windows\system32\kernel32.dll
0x000007fefcbb0000 - 0x000007fefcc17000 	C:\Windows\system32\KERNELBASE.dll
0x00000000746d0000 - 0x0000000074762000 	C:\Windows\System32\SYSFER.DLL
0x000007fefd4e0000 - 0x000007fefd5bb000 	C:\Windows\system32\ADVAPI32.dll
0x000007fefed10000 - 0x000007fefedaf000 	C:\Windows\system32\msvcrt.dll
0x000007fefebc0000 - 0x000007fefebdf000 	C:\Windows\SYSTEM32\sechost.dll
0x000007fefef50000 - 0x000007feff07c000 	C:\Windows\system32\RPCRT4.dll
0x0000000076c80000 - 0x0000000076d7a000 	C:\Windows\system32\USER32.dll
0x000007feff120000 - 0x000007feff187000 	C:\Windows\system32\GDI32.dll
0x000007fefef40000 - 0x000007fefef4e000 	C:\Windows\system32\LPK.dll
0x000007fefd030000 - 0x000007fefd0fb000 	C:\Windows\system32\USP10.dll
0x000007fefafe0000 - 0x000007fefb1d5000 	C:\Windows\WinSxS\amd64_microsoft.windows.common-controls_6595b64144ccf1df_6.0.7601.24460_none_e3711c5330fd38b4\COMCTL32.dll
0x000007fefcdb0000 - 0x000007fefce21000 	C:\Windows\system32\SHLWAPI.dll
0x0000000077040000 - 0x0000000077047000 	C:\Windows\system32\psapi.dll
0x000007fefeb90000 - 0x000007fefebbe000 	C:\Windows\system32\IMM32.DLL
0x000007fefd3d0000 - 0x000007fefd4d9000 	C:\Windows\system32\MSCTF.dll
0x000007fefc8a0000 - 0x000007fefc8fd000 	c:\Program Files\Citrix\System32\MfApHook64.dll
0x000007fefc7c0000 - 0x000007fefc7f2000 	c:\Program Files\Citrix\ICAService\picaFullScreenHookX64.dll
0x000007fefc330000 - 0x000007fefc366000 	c:\Program Files\Citrix\ICAService\ShellHook64.dll
0x000007fefce30000 - 0x000007fefd02f000 	C:\Windows\system32\ole32.dll
0x000007fefde00000 - 0x000007fefeb8b000 	C:\Windows\system32\SHELL32.dll
0x000007fefc1b0000 - 0x000007fefc329000 	c:\Program Files\Citrix\ICAService\SCardHook64.dll
0x000007fefc120000 - 0x000007fefc14a000 	c:\Program Files\Citrix\ICAService\cxinjime64.dll
0x000007fefc0d0000 - 0x000007fefc11d000 	c:\Program Files\Citrix\ICAService\PicaWtsHook64.dll
0x0000000063690000 - 0x0000000063762000 	C:\Program Files\Java\jre1.8.0_171\bin\msvcr100.dll
0x000000005e0e0000 - 0x000000005e980000 	C:\Program Files\Java\jre1.8.0_171\bin\server\jvm.dll
0x000007feeea10000 - 0x000007feeea19000 	C:\Windows\system32\WSOCK32.dll
0x000007fefecc0000 - 0x000007fefed0d000 	C:\Windows\system32\WS2_32.dll
0x000007fefddf0000 - 0x000007fefddf8000 	C:\Windows\system32\NSI.dll
0x000007fefa9a0000 - 0x000007fefa9db000 	C:\Windows\system32\WINMM.dll
0x000007fefc6b0000 - 0x000007fefc6bc000 	C:\Windows\system32\VERSION.dll
0x00000000642c0000 - 0x00000000642cf000 	C:\Program Files\Java\jre1.8.0_171\bin\verify.dll
0x0000000064290000 - 0x00000000642b9000 	C:\Program Files\Java\jre1.8.0_171\bin\java.dll
0x00000000641e0000 - 0x00000000641f6000 	C:\Program Files\Java\jre1.8.0_171\bin\zip.dll
0x000007fefc9f0000 - 0x000007fefc9ff000 	C:\Windows\system32\profapi.dll
0x0000000063340000 - 0x000000006335a000 	C:\Program Files\Java\jre1.8.0_171\bin\net.dll
0x000007fefb960000 - 0x000007fefb9b5000 	C:\Windows\system32\mswsock.dll
0x000007fefbb90000 - 0x000007fefbb97000 	C:\Windows\System32\wship6.dll
0x0000000063fd0000 - 0x0000000063fe1000 	C:\Program Files\Java\jre1.8.0_171\bin\nio.dll
0x00000000727c0000 - 0x00000000727cd000 	C:\Program Files\Java\jre1.8.0_171\bin\management.dll
0x000007fef8c90000 - 0x000007fef8ca5000 	C:\Windows\system32\NLAapi.dll
0x000007fef7d00000 - 0x000007fef7d15000 	C:\Windows\system32\napinsp.dll
0x000007fef7d20000 - 0x000007fef7d39000 	C:\Windows\system32\pnrpnsp.dll
0x000007fefb7f0000 - 0x000007fefb84b000 	C:\Windows\system32\DNSAPI.dll
0x000007fef7cf0000 - 0x000007fef7cfb000 	C:\Windows\System32\winrnr.dll
0x000007fefb400000 - 0x000007fefb407000 	C:\Windows\System32\wshtcpip.dll
0x000007fefa0f0000 - 0x000007fefa117000 	C:\Windows\system32\IPHLPAPI.DLL
0x000007fefa0e0000 - 0x000007fefa0eb000 	C:\Windows\system32\WINNSI.DLL
0x000007fef7d70000 - 0x000007fef7d78000 	C:\Windows\system32\rasadhlp.dll
0x000007fef81c0000 - 0x000007fef8213000 	C:\Windows\System32\fwpuclnt.dll
0x000007fefbab0000 - 0x000007fefbac8000 	C:\Windows\system32\CRYPTSP.dll
0x000007fefb6e0000 - 0x000007fefb727000 	C:\Windows\system32\rsaenh.dll
0x000007fefca30000 - 0x000007fefca4f000 	C:\Windows\system32\USERENV.dll
0x000007fefc0c0000 - 0x000007fefc0cf000 	C:\Windows\system32\CRYPTBASE.dll
0x000007fef8140000 - 0x000007fef8151000 	C:\Windows\system32\dhcpcsvc6.DLL
0x000007fef8120000 - 0x000007fef8138000 	C:\Windows\system32\dhcpcsvc.DLL

VM Arguments:
jvm_args: -Dfile.encoding=UTF-8 
java_command: org.eclipse.jdt.internal.junit.runner.RemoteTestRunner -version 3 -port 61313 -testLoaderClass org.eclipse.jdt.internal.junit4.runner.JUnit4TestLoader -loaderpluginname org.eclipse.jdt.junit4.runtime -testNameFile C:\Users\n0241133\AppData\Local\Temp\testNames5080555970056510834.txt
java_class_path (initial): C:\Users\n0241133\git\projectManager_07302019\target\test-classes;C:\Users\n0241133\git\projectManager_07302019\target\classes;C:\Users\n0241133\.m2\repository\org\springframework\boot\spring-boot-starter-data-jpa\2.1.6.RELEASE\spring-boot-starter-data-jpa-2.1.6.RELEASE.jar;C:\Users\n0241133\.m2\repository\org\springframework\boot\spring-boot-starter-aop\2.1.6.RELEASE\spring-boot-starter-aop-2.1.6.RELEASE.jar;C:\Users\n0241133\.m2\repository\org\springframework\spring-aop\5.1.8.RELEASE\spring-aop-5.1.8.RELEASE.jar;C:\Users\n0241133\.m2\repository\org\aspectj\aspectjweaver\1.9.4\aspectjweaver-1.9.4.jar;C:\Users\n0241133\.m2\repository\javax\transaction\javax.transaction-api\1.3\javax.transaction-api-1.3.jar;C:\Users\n0241133\.m2\repository\javax\xml\bind\jaxb-api\2.3.1\jaxb-api-2.3.1.jar;C:\Users\n0241133\.m2\repository\javax\activation\javax.activation-api\1.2.0\javax.activation-api-1.2.0.jar;C:\Users\n0241133\.m2\repository\org\hibernate\hibernate-core\5.3.10.Final\hibernate-core-5.3.10.Final.jar;C:\Users\n0241133\.m2\repository\org\jboss\logging\jboss-logging\3.3.2.Final\jboss-logging-3.3.2.Final.jar;C:\Users\n0241133\.m2\repository\javax\persistence\javax.persistence-api\2.2\javax.persistence-api-2.2.jar;C:\Users\n0241133\.m2\repository\org\javassist\javassist\3.23.2-GA\javassist-3.23.2-GA.jar;C:\Users\n0241133\.m2\repository\net\bytebuddy\byte-buddy\1.9.13\byte-buddy-1.9.13.jar;C:\Users\n0241133\.m2\repository\antlr\antlr\2.7.7\antlr-2.7.7.jar;C:\Users\n0241133\.m2\repository\org\jboss\jandex\2.0.5.Final\jandex-2.0.5.Final.jar;C:\Users\n0241133\.m2\repository\com\fasterxml\classmate\1.4.0\classmate-1.4.0.jar;C:\Users\n0241133\.m2\repository\org\dom4j\dom4j\2.1.1\dom4j-2.1.1.jar;C:\Users\n0241133\.m2\repository\org\hibernate\common\hibernate-commons-annotations\5.0.4.Final\hibernate-commons-annotations-5.0.4.Final.jar;C:\Users\n0241133\.m2\repository\org\springframework\data\spring-data-jpa\2.1.9.RELEASE\spring-data-jpa-2.1.9.RELEASE.
Launcher Type: SUN_STANDARD

Environment Variables:
JAVA_HOME=C:\Program Files\Java\jdk1.8.0_171
JRE_HOME=C:\Program Files\Java\jre1.8.0_171
PATH=C:/Program Files/Java/jre1.8.0_171/bin/server;C:/Program Files/Java/jre1.8.0_171/bin;C:/Program Files/Java/jre1.8.0_171/lib/amd64;C:\Program Files (x86)\Common Files\Oracle\Java\javapath;C:\Program Files (x86)\RSA SecurID Token Common;C:\ProgramData\Oracle\Java\javapath;C:\Windows\system32;C:\Windows;C:\Windows\System32\Wbem;c:\Program Files\Citrix\System32\;c:\Program Files\Citrix\ICAService\;c:\Program Files\Citrix\Virtual Desktop Agent\;C:\Program Files\Git\cmd;C:\Program Files (x86)\Java\jre1.8.0_91\bin;C:\Windows\System32\WindowsPowerShell\v1.0\;C:\Program Files\nodejs\;C:\Program Files (x86)\Brackets\command;C:\Program Files\Microsoft VS Code\bin;C:\Program Files\MySQL\MySQL Utilities 1.6\;C:\Users\n0241133\AppData\Roaming\npm;C:\Users\n0241133\AppData\Local\Eclipse;
USERNAME=n0241133
OS=Windows_NT
PROCESSOR_IDENTIFIER=Intel64 Family 6 Model 37 Stepping 1, GenuineIntel



---------------  S Y S T E M  ---------------

OS: Windows 7 , 64 bit Build 7601 (6.1.7601.24475)

CPU:total 2 (initial active 2) (2 cores per cpu, 1 threads per core) family 6 model 37 stepping 1, cmov, cx8, fxsr, mmx, sse, sse2, sse3, ssse3, sse4.1, sse4.2, popcnt, aes, clmul, tsc, tscinvbit

Memory: 4k page, physical 4193784k(130556k free), swap 8316664k(4840k free)

vm_info: Java HotSpot(TM) 64-Bit Server VM (25.171-b11) for windows-amd64 JRE (1.8.0_171-b11), built on Mar 28 2018 16:06:12 by "java_re" with MS VC++ 10.0 (VS2010)

time: Tue Aug 06 11:14:26 2019
elapsed time: 19 seconds (0d 0h 0m 19s)

