#
# There is insufficient memory for the Java Runtime Environment to continue.
# Native memory allocation (malloc) failed to allocate 32744 bytes for ChunkPool::allocate
# Possible reasons:
#   The system is out of physical RAM or swap space
#   In 32 bit mode, the process size limit was hit
# Possible solutions:
#   Reduce memory load on the system
#   Increase physical memory or swap space
#   Check if swap backing store is full
#   Use 64 bit Java on a 64 bit OS
#   Decrease Java heap size (-Xmx/-Xms)
#   Decrease number of Java threads
#   Decrease Java thread stack sizes (-Xss)
#   Set larger code cache with -XX:ReservedCodeCacheSize=
# This output file may be truncated or incomplete.
#
#  Out of Memory Error (allocation.cpp:273), pid=10068, tid=0x0000000000003104
#
# JRE version: Java(TM) SE Runtime Environment (8.0_171-b11) (build 1.8.0_171-b11)
# Java VM: Java HotSpot(TM) 64-Bit Server VM (25.171-b11 mixed mode windows-amd64 compressed oops)
# Failed to write core dump. Minidumps are not enabled by default on client versions of Windows
#

---------------  T H R E A D  ---------------

Current thread (0x0000000014886800):  JavaThread "C2 CompilerThread0" daemon [_thread_in_native, id=12548, stack(0x0000000015a20000,0x0000000015b20000)]

Stack: [0x0000000015a20000,0x0000000015b20000]
[error occurred during error reporting (printing stack bounds), id 0xc0000005]

Native frames: (J=compiled Java code, j=interpreted, Vv=VM code, C=native code)


Current CompileTask:
C2:  19659 4663       4       org.springframework.core.BridgeMethodResolver::findBridgedMethod (106 bytes)


---------------  P R O C E S S  ---------------

Java Threads: ( => current thread )
  0x0000000016d84800 JavaThread "RMI TCP Connection(5)-10.172.145.169" daemon [_thread_in_native, id=8372, stack(0x0000000020080000,0x0000000020180000)]
  0x0000000016d83000 JavaThread "RMI TCP Connection(4)-10.172.145.169" daemon [_thread_in_native, id=2384, stack(0x0000000020840000,0x0000000020940000)]
  0x0000000016d81800 JavaThread "RMI TCP Connection(3)-127.0.0.1" daemon [_thread_in_native, id=6132, stack(0x00000000190f0000,0x00000000191f0000)]
  0x0000000016d81000 JavaThread "DestroyJavaVM" [_thread_blocked, id=12600, stack(0x00000000021e0000,0x00000000022e0000)]
  0x000000001ae8f800 JavaThread "http-nio-8081-Acceptor" daemon [_thread_in_native, id=8996, stack(0x00000000204d0000,0x00000000205d0000)]
  0x000000001ae8e800 JavaThread "http-nio-8081-ClientPoller" daemon [_thread_in_native, id=12692, stack(0x000000001fa50000,0x000000001fb50000)]
  0x000000001ae8e000 JavaThread "http-nio-8081-exec-10" daemon [_thread_blocked, id=12724, stack(0x0000000020390000,0x0000000020490000)]
  0x000000001ae8d000 JavaThread "http-nio-8081-exec-9" daemon [_thread_blocked, id=10284, stack(0x0000000020180000,0x0000000020280000)]
  0x000000001ae8c800 JavaThread "http-nio-8081-exec-8" daemon [_thread_blocked, id=7576, stack(0x000000001f1a0000,0x000000001f2a0000)]
  0x000000001ae8b800 JavaThread "http-nio-8081-exec-7" daemon [_thread_blocked, id=4976, stack(0x000000001ff50000,0x0000000020050000)]
  0x000000001ae8b000 JavaThread "http-nio-8081-exec-6" daemon [_thread_blocked, id=9664, stack(0x000000001fe30000,0x000000001ff30000)]
  0x000000001ae8a000 JavaThread "http-nio-8081-exec-5" daemon [_thread_blocked, id=1420, stack(0x000000001fca0000,0x000000001fda0000)]
  0x000000001ae89800 JavaThread "http-nio-8081-exec-4" daemon [_thread_blocked, id=8240, stack(0x000000001fb50000,0x000000001fc50000)]
  0x000000001ae88800 JavaThread "http-nio-8081-exec-3" daemon [_thread_blocked, id=11888, stack(0x000000001f8f0000,0x000000001f9f0000)]
  0x000000001867d000 JavaThread "http-nio-8081-exec-2" daemon [_thread_blocked, id=12704, stack(0x000000001f7f0000,0x000000001f8f0000)]
  0x000000001867c000 JavaThread "http-nio-8081-exec-1" daemon [_thread_blocked, id=1232, stack(0x000000001f620000,0x000000001f720000)]
  0x000000001867b800 JavaThread "http-nio-8081-BlockPoller" daemon [_thread_in_native, id=5516, stack(0x000000001f4b0000,0x000000001f5b0000)]
  0x000000001867a800 JavaThread "File Watcher" daemon [_thread_blocked, id=10472, stack(0x000000001f2b0000,0x000000001f3b0000)]
  0x000000001867a000 JavaThread "HikariPool-1 housekeeper" daemon [_thread_blocked, id=10908, stack(0x0000000018d60000,0x0000000018e60000)]
  0x0000000018679000 JavaThread "mysql-cj-abandoned-connection-cleanup" daemon [_thread_blocked, id=12460, stack(0x000000001cb40000,0x000000001cc40000)]
  0x0000000018678800 JavaThread "container-0" [_thread_blocked, id=220, stack(0x000000001c970000,0x000000001ca70000)]
  0x0000000018677800 JavaThread "Catalina-utility-2" [_thread_blocked, id=8000, stack(0x0000000018fb0000,0x00000000190b0000)]
  0x0000000018677000 JavaThread "Catalina-utility-1" [_thread_blocked, id=6452, stack(0x0000000019240000,0x0000000019340000)]
  0x0000000016bb7800 JavaThread "JMX server connection timeout 16" daemon [_thread_blocked, id=1856, stack(0x0000000017a70000,0x0000000017b70000)]
  0x0000000016bb2000 JavaThread "RMI Scheduler(0)" daemon [_thread_blocked, id=13100, stack(0x0000000017880000,0x0000000017980000)]
  0x0000000016bd7800 JavaThread "RMI TCP Connection(2)-10.172.145.169" daemon [_thread_in_native, id=12316, stack(0x0000000017700000,0x0000000017800000)]
  0x0000000016b93000 JavaThread "RMI TCP Connection(1)-127.0.0.1" daemon [_thread_in_native, id=11516, stack(0x00000000174d0000,0x00000000175d0000)]
  0x0000000016b13800 JavaThread "RMI TCP Accept-0" daemon [_thread_in_native, id=5428, stack(0x00000000165e0000,0x00000000166e0000)]
  0x0000000016b0e000 JavaThread "RMI TCP Accept-55386" daemon [_thread_in_native, id=9584, stack(0x00000000172a0000,0x00000000173a0000)]
  0x0000000016b21800 JavaThread "RMI TCP Accept-0" daemon [_thread_in_native, id=10248, stack(0x0000000017020000,0x0000000017120000)]
  0x0000000015d44800 JavaThread "Service Thread" daemon [_thread_blocked, id=8892, stack(0x00000000161f0000,0x00000000162f0000)]
  0x00000000148df000 JavaThread "C1 CompilerThread1" daemon [_thread_blocked, id=11084, stack(0x0000000015c40000,0x0000000015d40000)]
=>0x0000000014886800 JavaThread "C2 CompilerThread0" daemon [_thread_in_native, id=12548, stack(0x0000000015a20000,0x0000000015b20000)]
  0x0000000014884000 JavaThread "Attach Listener" daemon [_thread_blocked, id=8836, stack(0x0000000015920000,0x0000000015a20000)]
  0x0000000014883000 JavaThread "Signal Dispatcher" daemon [_thread_blocked, id=9400, stack(0x00000000157e0000,0x00000000158e0000)]
  0x0000000014862800 JavaThread "Finalizer" daemon [_thread_blocked, id=9640, stack(0x00000000156b0000,0x00000000157b0000)]
  0x000000001481b800 JavaThread "Reference Handler" daemon [_thread_blocked, id=10936, stack(0x0000000015300000,0x0000000015400000)]

Other Threads:
  0x0000000014811800 VMThread [stack: 0x0000000015440000,0x0000000015540000] [id=10232]
  0x0000000016b17800 WatcherThread [stack: 0x0000000017120000,0x0000000017220000] [id=9240]

VM state:not at safepoint (normal execution)

VM Mutex/Monitor currently owned by a thread: None

Heap:
 PSYoungGen      total 182272K, used 38654K [0x00000000eab00000, 0x00000000f7300000, 0x0000000100000000)
  eden space 172544K, 22% used [0x00000000eab00000,0x00000000ed0bf968,0x00000000f5380000)
  from space 9728K, 0% used [0x00000000f5d80000,0x00000000f5d80000,0x00000000f6700000)
  to   space 10240K, 0% used [0x00000000f5380000,0x00000000f5380000,0x00000000f5d80000)
 ParOldGen       total 43520K, used 25010K [0x00000000c0000000, 0x00000000c2a80000, 0x00000000eab00000)
  object space 43520K, 57% used [0x00000000c0000000,0x00000000c186caa8,0x00000000c2a80000)
 Metaspace       used 57543K, capacity 60372K, committed 60544K, reserved 1101824K
  class space    used 7979K, capacity 8480K, committed 8576K, reserved 1048576K

Card table byte_map: [0x00000000116a0000,0x00000000118b0000] byte_map_base: 0x00000000110a0000

Marking Bits: (ParMarkBitMap*) 0x000000005e9008c0
 Begin Bits: [0x0000000011ce0000, 0x0000000012ce0000)
 End Bits:   [0x0000000012ce0000, 0x0000000013ce0000)

Polling page: 0x0000000001ed0000

CodeCache: size=245760Kb used=16151Kb max_used=16161Kb free=229608Kb
 bounds [0x00000000022e0000, 0x00000000032c0000, 0x00000000112e0000]
 total_blobs=5134 nmethods=4614 adapters=432
 compilation: enabled

Compilation events (10 events):
Event: 19.516 Thread 0x00000000148df000 5098       3       java.io.ObjectInputStream::readLong (8 bytes)
Event: 19.516 Thread 0x00000000148df000 nmethod 5098 0x0000000002651ad0 code [0x0000000002651c40, 0x0000000002651de8]
Event: 19.516 Thread 0x00000000148df000 5099       1       java.io.ObjectStreamField::getField (5 bytes)
Event: 19.516 Thread 0x00000000148df000 nmethod 5099 0x0000000002887650 code [0x00000000028877a0, 0x00000000028878b0]
Event: 19.518 Thread 0x00000000148df000 5100   !   3       java.io.ObjectInputStream::readObject (130 bytes)
Event: 19.519 Thread 0x00000000148df000 nmethod 5100 0x000000000287de10 code [0x000000000287e020, 0x000000000287ea48]
Event: 19.520 Thread 0x00000000148df000 5101       3       java.io.ObjectInputStream$BlockDataInputStream::readUTF (10 bytes)
Event: 19.520 Thread 0x00000000148df000 nmethod 5101 0x0000000002887250 code [0x00000000028873c0, 0x0000000002887598]
Event: 19.520 Thread 0x00000000148df000 5102       3       java.lang.Math::min (12 bytes)
Event: 19.520 Thread 0x00000000148df000 nmethod 5102 0x0000000002886ed0 code [0x0000000002887020, 0x00000000028871b0]

GC Heap History (10 events):
Event: 10.791 GC heap before
{Heap before GC invocations=11 (full 1):
 PSYoungGen      total 134656K, used 75378K [0x00000000eab00000, 0x00000000f6700000, 0x0000000100000000)
  eden space 126976K, 53% used [0x00000000eab00000,0x00000000eed21020,0x00000000f2700000)
  from space 7680K, 99% used [0x00000000f2700000,0x00000000f2e7b9c0,0x00000000f2e80000)
  to   space 9728K, 0% used [0x00000000f5d80000,0x00000000f5d80000,0x00000000f6700000)
 ParOldGen       total 30720K, used 11522K [0x00000000c0000000, 0x00000000c1e00000, 0x00000000eab00000)
  object space 30720K, 37% used [0x00000000c0000000,0x00000000c0b40a58,0x00000000c1e00000)
 Metaspace       used 33739K, capacity 35422K, committed 35496K, reserved 1079296K
  class space    used 4454K, capacity 4800K, committed 4864K, reserved 1048576K
Event: 10.813 GC heap after
Heap after GC invocations=11 (full 1):
 PSYoungGen      total 182272K, used 7916K [0x00000000eab00000, 0x00000000f7300000, 0x0000000100000000)
  eden space 172544K, 0% used [0x00000000eab00000,0x00000000eab00000,0x00000000f5380000)
  from space 9728K, 81% used [0x00000000f5d80000,0x00000000f653b3f8,0x00000000f6700000)
  to   space 10240K, 0% used [0x00000000f5380000,0x00000000f5380000,0x00000000f5d80000)
 ParOldGen       total 30720K, used 13531K [0x00000000c0000000, 0x00000000c1e00000, 0x00000000eab00000)
  object space 30720K, 44% used [0x00000000c0000000,0x00000000c0d36fd0,0x00000000c1e00000)
 Metaspace       used 33739K, capacity 35422K, committed 35496K, reserved 1079296K
  class space    used 4454K, capacity 4800K, committed 4864K, reserved 1048576K
}
Event: 10.813 GC heap before
{Heap before GC invocations=12 (full 2):
 PSYoungGen      total 182272K, used 7916K [0x00000000eab00000, 0x00000000f7300000, 0x0000000100000000)
  eden space 172544K, 0% used [0x00000000eab00000,0x00000000eab00000,0x00000000f5380000)
  from space 9728K, 81% used [0x00000000f5d80000,0x00000000f653b3f8,0x00000000f6700000)
  to   space 10240K, 0% used [0x00000000f5380000,0x00000000f5380000,0x00000000f5d80000)
 ParOldGen       total 30720K, used 13531K [0x00000000c0000000, 0x00000000c1e00000, 0x00000000eab00000)
  object space 30720K, 44% used [0x00000000c0000000,0x00000000c0d36fd0,0x00000000c1e00000)
 Metaspace       used 33739K, capacity 35422K, committed 35496K, reserved 1079296K
  class space    used 4454K, capacity 4800K, committed 4864K, reserved 1048576K
Event: 10.969 GC heap after
Heap after GC invocations=12 (full 2):
 PSYoungGen      total 182272K, used 0K [0x00000000eab00000, 0x00000000f7300000, 0x0000000100000000)
  eden space 172544K, 0% used [0x00000000eab00000,0x00000000eab00000,0x00000000f5380000)
  from space 9728K, 0% used [0x00000000f5d80000,0x00000000f5d80000,0x00000000f6700000)
  to   space 10240K, 0% used [0x00000000f5380000,0x00000000f5380000,0x00000000f5d80000)
 ParOldGen       total 43520K, used 14113K [0x00000000c0000000, 0x00000000c2a80000, 0x00000000eab00000)
  object space 43520K, 32% used [0x00000000c0000000,0x00000000c0dc87f8,0x00000000c2a80000)
 Metaspace       used 33739K, capacity 35422K, committed 35496K, reserved 1079296K
  class space    used 4454K, capacity 4800K, committed 4864K, reserved 1048576K
}
Event: 15.852 GC heap before
{Heap before GC invocations=13 (full 2):
 PSYoungGen      total 182272K, used 172544K [0x00000000eab00000, 0x00000000f7300000, 0x0000000100000000)
  eden space 172544K, 100% used [0x00000000eab00000,0x00000000f5380000,0x00000000f5380000)
  from space 9728K, 0% used [0x00000000f5d80000,0x00000000f5d80000,0x00000000f6700000)
  to   space 10240K, 0% used [0x00000000f5380000,0x00000000f5380000,0x00000000f5d80000)
 ParOldGen       total 43520K, used 14113K [0x00000000c0000000, 0x00000000c2a80000, 0x00000000eab00000)
  object space 43520K, 32% used [0x00000000c0000000,0x00000000c0dc87f8,0x00000000c2a80000)
 Metaspace       used 51390K, capacity 53428K, committed 53632K, reserved 1095680K
  class space    used 7093K, capacity 7477K, committed 7552K, reserved 1048576K
Event: 15.900 GC heap after
Heap after GC invocations=13 (full 2):
 PSYoungGen      total 182784K, used 10209K [0x00000000eab00000, 0x00000000f7300000, 0x0000000100000000)
  eden space 172544K, 0% used [0x00000000eab00000,0x00000000eab00000,0x00000000f5380000)
  from space 10240K, 99% used [0x00000000f5380000,0x00000000f5d785c0,0x00000000f5d80000)
  to   space 9728K, 0% used [0x00000000f5d80000,0x00000000f5d80000,0x00000000f6700000)
 ParOldGen       total 43520K, used 24908K [0x00000000c0000000, 0x00000000c2a80000, 0x00000000eab00000)
  object space 43520K, 57% used [0x00000000c0000000,0x00000000c1853358,0x00000000c2a80000)
 Metaspace       used 51390K, capacity 53428K, committed 53632K, reserved 1095680K
  class space    used 7093K, capacity 7477K, committed 7552K, reserved 1048576K
}
Event: 17.957 GC heap before
{Heap before GC invocations=14 (full 2):
 PSYoungGen      total 182784K, used 71683K [0x00000000eab00000, 0x00000000f7300000, 0x0000000100000000)
  eden space 172544K, 35% used [0x00000000eab00000,0x00000000ee708808,0x00000000f5380000)
  from space 10240K, 99% used [0x00000000f5380000,0x00000000f5d785c0,0x00000000f5d80000)
  to   space 9728K, 0% used [0x00000000f5d80000,0x00000000f5d80000,0x00000000f6700000)
 ParOldGen       total 43520K, used 24908K [0x00000000c0000000, 0x00000000c2a80000, 0x00000000eab00000)
  object space 43520K, 57% used [0x00000000c0000000,0x00000000c1853358,0x00000000c2a80000)
 Metaspace       used 56382K, capacity 59060K, committed 59160K, reserved 1099776K
  class space    used 7782K, capacity 8281K, committed 8320K, reserved 1048576K
Event: 18.009 GC heap after
Heap after GC invocations=14 (full 2):
 PSYoungGen      total 182272K, used 6628K [0x00000000eab00000, 0x00000000f7300000, 0x0000000100000000)
  eden space 172544K, 0% used [0x00000000eab00000,0x00000000eab00000,0x00000000f5380000)
  from space 9728K, 68% used [0x00000000f5d80000,0x00000000f63f9098,0x00000000f6700000)
  to   space 10240K, 0% used [0x00000000f5380000,0x00000000f5380000,0x00000000f5d80000)
 ParOldGen       total 43520K, used 31856K [0x00000000c0000000, 0x00000000c2a80000, 0x00000000eab00000)
  object space 43520K, 73% used [0x00000000c0000000,0x00000000c1f1c238,0x00000000c2a80000)
 Metaspace       used 56382K, capacity 59060K, committed 59160K, reserved 1099776K
  class space    used 7782K, capacity 8281K, committed 8320K, reserved 1048576K
}
Event: 18.010 GC heap before
{Heap before GC invocations=15 (full 3):
 PSYoungGen      total 182272K, used 6628K [0x00000000eab00000, 0x00000000f7300000, 0x0000000100000000)
  eden space 172544K, 0% used [0x00000000eab00000,0x00000000eab00000,0x00000000f5380000)
  from space 9728K, 68% used [0x00000000f5d80000,0x00000000f63f9098,0x00000000f6700000)
  to   space 10240K, 0% used [0x00000000f5380000,0x00000000f5380000,0x00000000f5d80000)
 ParOldGen       total 43520K, used 31856K [0x00000000c0000000, 0x00000000c2a80000, 0x00000000eab00000)
  object space 43520K, 73% used [0x00000000c0000000,0x00000000c1f1c238,0x00000000c2a80000)
 Metaspace       used 56382K, capacity 59060K, committed 59160K, reserved 1099776K
  class space    used 7782K, capacity 8281K, committed 8320K, reserved 1048576K
Event: 18.265 GC heap after
Heap after GC invocations=15 (full 3):
 PSYoungGen      total 182272K, used 0K [0x00000000eab00000, 0x00000000f7300000, 0x0000000100000000)
  eden space 172544K, 0% used [0x00000000eab00000,0x00000000eab00000,0x00000000f5380000)
  from space 9728K, 0% used [0x00000000f5d80000,0x00000000f5d80000,0x00000000f6700000)
  to   space 10240K, 0% used [0x00000000f5380000,0x00000000f5380000,0x00000000f5d80000)
 ParOldGen       total 43520K, used 25010K [0x00000000c0000000, 0x00000000c2a80000, 0x00000000eab00000)
  object space 43520K, 57% used [0x00000000c0000000,0x00000000c186caa8,0x00000000c2a80000)
 Metaspace       used 56379K, capacity 59054K, committed 59160K, reserved 1099776K
  class space    used 7781K, capacity 8280K, committed 8320K, reserved 1048576K
}

Deoptimization events (10 events):
Event: 18.763 Thread 0x0000000016f91800 Uncommon trap: reason=unstable_if action=reinterpret pc=0x000000000321e7a8 method=org.springframework.core.annotation.AnnotatedElementUtils.searchWithGetSemanticsInAnnotations(Ljava/lang/reflect/AnnotatedElement;Ljava/util/List;Ljava/util/Set;Ljava/lang/S
Event: 18.817 Thread 0x0000000016f91800 Uncommon trap: reason=unstable_if action=reinterpret pc=0x000000000250ea04 method=org.springframework.util.ConcurrentReferenceHashMap$Segment.clear()V @ 4
Event: 18.829 Thread 0x0000000016bd7800 Uncommon trap: reason=unstable_if action=reinterpret pc=0x0000000002ff4788 method=java.security.CodeSource.hashCode()I @ 4
Event: 18.829 Thread 0x0000000016bd7800 Uncommon trap: reason=unstable_if action=reinterpret pc=0x0000000002fb38fc method=java.security.CodeSource.hashCode()I @ 4
Event: 18.829 Thread 0x0000000016bd7800 Uncommon trap: reason=unstable_if action=reinterpret pc=0x0000000002fa93dc method=java.lang.ClassLoader.defineClassSourceLocation(Ljava/security/ProtectionDomain;)Ljava/lang/String; @ 15
Event: 18.976 Thread 0x0000000016f91800 Uncommon trap: reason=class_check action=maybe_recompile pc=0x00000000031f8160 method=org.springframework.util.ConcurrentReferenceHashMap$ReferenceManager.pollForPurge()Lorg/springframework/util/ConcurrentReferenceHashMap$Reference; @ 7
Event: 18.976 Thread 0x0000000016f91800 Uncommon trap: reason=class_check action=maybe_recompile pc=0x00000000031f8160 method=org.springframework.util.ConcurrentReferenceHashMap$ReferenceManager.pollForPurge()Lorg/springframework/util/ConcurrentReferenceHashMap$Reference; @ 7
Event: 18.976 Thread 0x0000000016f91800 Uncommon trap: reason=class_check action=maybe_recompile pc=0x00000000031f8160 method=org.springframework.util.ConcurrentReferenceHashMap$ReferenceManager.pollForPurge()Lorg/springframework/util/ConcurrentReferenceHashMap$Reference; @ 7
Event: 18.976 Thread 0x0000000016f91800 Uncommon trap: reason=class_check action=maybe_recompile pc=0x00000000031f8160 method=org.springframework.util.ConcurrentReferenceHashMap$ReferenceManager.pollForPurge()Lorg/springframework/util/ConcurrentReferenceHashMap$Reference; @ 7
Event: 18.978 Thread 0x0000000016f91800 Uncommon trap: reason=unstable_if action=reinterpret pc=0x000000000329e1b4 method=org.springframework.beans.factory.support.AbstractBeanFactory.isTypeMatch(Ljava/lang/String;Lorg/springframework/core/ResolvableType;)Z @ 26

Classes redefined (0 events):
No events

Internal exceptions (10 events):
Event: 17.202 Thread 0x0000000016f91800 Exception <a 'java/lang/ClassNotFoundException': org/springframework/beans/factory/BeanFactoryAwareCustomizer> (0x00000000eca07538) thrown at [C:\re\workspace\8-2-build-windows-amd64-cygwin\jdk8u171\10807\hotspot\src\share\vm\classfile\systemDictionary.cp
Event: 17.214 Thread 0x0000000016f91800 Exception <a 'java/lang/ClassNotFoundException': org/springframework/beans/factory/AwareCustomizer> (0x00000000eca1b508) thrown at [C:\re\workspace\8-2-build-windows-amd64-cygwin\jdk8u171\10807\hotspot\src\share\vm\classfile\systemDictionary.cpp, line 210
Event: 17.215 Thread 0x0000000016f91800 Exception <a 'java/lang/ClassNotFoundException': org/springframework/context/ApplicationContextAwareCustomizer> (0x00000000eca30f88) thrown at [C:\re\workspace\8-2-build-windows-amd64-cygwin\jdk8u171\10807\hotspot\src\share\vm\classfile\systemDictionary.c
Event: 17.216 Thread 0x0000000016f91800 Exception <a 'java/lang/ClassNotFoundException': org/springframework/beans/factory/AwareCustomizer> (0x00000000eca44f30) thrown at [C:\re\workspace\8-2-build-windows-amd64-cygwin\jdk8u171\10807\hotspot\src\share\vm\classfile\systemDictionary.cpp, line 210
Event: 17.216 Thread 0x0000000016f91800 Exception <a 'java/lang/ClassNotFoundException': org/springframework/web/context/ServletContextAwareCustomizer> (0x00000000eca5a940) thrown at [C:\re\workspace\8-2-build-windows-amd64-cygwin\jdk8u171\10807\hotspot\src\share\vm\classfile\systemDictionary.c
Event: 17.219 Thread 0x0000000016f91800 Exception <a 'java/lang/ClassNotFoundException': org/springframework/beans/factory/AwareCustomizer> (0x00000000eca6e568) thrown at [C:\re\workspace\8-2-build-windows-amd64-cygwin\jdk8u171\10807\hotspot\src\share\vm\classfile\systemDictionary.cpp, line 210
Event: 18.758 Thread 0x0000000016f91800 Exception <a 'java/net/BindException': Address already in use: JVM_Bind> (0x00000000ebd7c060) thrown at [C:\re\workspace\8-2-build-windows-amd64-cygwin\jdk8u171\10807\hotspot\src\share\vm\prims\jni.cpp, line 735]
Event: 18.829 Thread 0x0000000016bd7800 Implicit null exception at 0x0000000002ff025e to 0x0000000002ff4759
Event: 18.829 Thread 0x0000000016bd7800 Implicit null exception at 0x0000000002fb3605 to 0x0000000002fb38ed
Event: 18.829 Thread 0x0000000016bd7800 Implicit null exception at 0x0000000002fa8378 to 0x0000000002fa939d

Events (10 events):
Event: 19.467 Executing VM operation: RevokeBias done
Event: 19.470 Thread 0x0000000016d85800 Thread added: 0x0000000016d85800
Event: 19.476 Thread 0x00000000148df000 flushing nmethod 0x0000000002a49b50
Event: 19.484 Executing VM operation: RevokeBias
Event: 19.484 Executing VM operation: RevokeBias done
Event: 19.484 Thread 0x0000000016d85800 Thread exited: 0x0000000016d85800
Event: 19.496 Thread 0x0000000016d82800 Thread exited: 0x0000000016d82800
Event: 19.531 Executing VM operation: RevokeBias
Event: 19.531 Executing VM operation: RevokeBias done
Event: 19.532 Thread 0x0000000016d84000 Thread exited: 0x0000000016d84000


Dynamic libraries:
0x000000013f960000 - 0x000000013f997000 	C:\Program Files\Java\jre1.8.0_171\bin\javaw.exe
0x0000000076ea0000 - 0x000000007703f000 	C:\Windows\SYSTEM32\ntdll.dll
0x0000000076d80000 - 0x0000000076e9f000 	C:\Windows\system32\kernel32.dll
0x000007fefcbb0000 - 0x000007fefcc17000 	C:\Windows\system32\KERNELBASE.dll
0x00000000746d0000 - 0x0000000074762000 	C:\Windows\System32\SYSFER.DLL
0x000007fefd4e0000 - 0x000007fefd5bb000 	C:\Windows\system32\ADVAPI32.dll
0x000007fefed10000 - 0x000007fefedaf000 	C:\Windows\system32\msvcrt.dll
0x000007fefebc0000 - 0x000007fefebdf000 	C:\Windows\SYSTEM32\sechost.dll
0x000007fefef50000 - 0x000007feff07c000 	C:\Windows\system32\RPCRT4.dll
0x0000000076c80000 - 0x0000000076d7a000 	C:\Windows\system32\USER32.dll
0x000007feff120000 - 0x000007feff187000 	C:\Windows\system32\GDI32.dll
0x000007fefef40000 - 0x000007fefef4e000 	C:\Windows\system32\LPK.dll
0x000007fefd030000 - 0x000007fefd0fb000 	C:\Windows\system32\USP10.dll
0x000007fefafe0000 - 0x000007fefb1d5000 	C:\Windows\WinSxS\amd64_microsoft.windows.common-controls_6595b64144ccf1df_6.0.7601.24460_none_e3711c5330fd38b4\COMCTL32.dll
0x000007fefcdb0000 - 0x000007fefce21000 	C:\Windows\system32\SHLWAPI.dll
0x0000000077040000 - 0x0000000077047000 	C:\Windows\system32\psapi.dll
0x000007fefeb90000 - 0x000007fefebbe000 	C:\Windows\system32\IMM32.DLL
0x000007fefd3d0000 - 0x000007fefd4d9000 	C:\Windows\system32\MSCTF.dll
0x000007fefc8a0000 - 0x000007fefc8fd000 	c:\Program Files\Citrix\System32\MfApHook64.dll
0x000007fefc7c0000 - 0x000007fefc7f2000 	c:\Program Files\Citrix\ICAService\picaFullScreenHookX64.dll
0x000007fefc330000 - 0x000007fefc366000 	c:\Program Files\Citrix\ICAService\ShellHook64.dll
0x000007fefce30000 - 0x000007fefd02f000 	C:\Windows\system32\ole32.dll
0x000007fefde00000 - 0x000007fefeb8b000 	C:\Windows\system32\SHELL32.dll
0x000007fefc1b0000 - 0x000007fefc329000 	c:\Program Files\Citrix\ICAService\SCardHook64.dll
0x000007fefc120000 - 0x000007fefc14a000 	c:\Program Files\Citrix\ICAService\cxinjime64.dll
0x000007fefc0d0000 - 0x000007fefc11d000 	c:\Program Files\Citrix\ICAService\PicaWtsHook64.dll
0x0000000063690000 - 0x0000000063762000 	C:\Program Files\Java\jre1.8.0_171\bin\msvcr100.dll
0x000000005e0e0000 - 0x000000005e980000 	C:\Program Files\Java\jre1.8.0_171\bin\server\jvm.dll
0x000007feeea10000 - 0x000007feeea19000 	C:\Windows\system32\WSOCK32.dll
0x000007fefecc0000 - 0x000007fefed0d000 	C:\Windows\system32\WS2_32.dll
0x000007fefddf0000 - 0x000007fefddf8000 	C:\Windows\system32\NSI.dll
0x000007fefa9a0000 - 0x000007fefa9db000 	C:\Windows\system32\WINMM.dll
0x000007fefc6b0000 - 0x000007fefc6bc000 	C:\Windows\system32\VERSION.dll
0x00000000642c0000 - 0x00000000642cf000 	C:\Program Files\Java\jre1.8.0_171\bin\verify.dll
0x0000000064290000 - 0x00000000642b9000 	C:\Program Files\Java\jre1.8.0_171\bin\java.dll
0x00000000641e0000 - 0x00000000641f6000 	C:\Program Files\Java\jre1.8.0_171\bin\zip.dll
0x000007fefc9f0000 - 0x000007fefc9ff000 	C:\Windows\system32\profapi.dll
0x00000000727c0000 - 0x00000000727cd000 	C:\Program Files\Java\jre1.8.0_171\bin\management.dll
0x0000000063340000 - 0x000000006335a000 	C:\Program Files\Java\jre1.8.0_171\bin\net.dll
0x000007fefb960000 - 0x000007fefb9b5000 	C:\Windows\system32\mswsock.dll
0x000007fefbb90000 - 0x000007fefbb97000 	C:\Windows\System32\wship6.dll
0x0000000063fd0000 - 0x0000000063fe1000 	C:\Program Files\Java\jre1.8.0_171\bin\nio.dll
0x000007fef8c90000 - 0x000007fef8ca5000 	C:\Windows\system32\NLAapi.dll
0x000007fef7d00000 - 0x000007fef7d15000 	C:\Windows\system32\napinsp.dll
0x000007fef7d20000 - 0x000007fef7d39000 	C:\Windows\system32\pnrpnsp.dll
0x000007fefb7f0000 - 0x000007fefb84b000 	C:\Windows\system32\DNSAPI.dll
0x000007fef7cf0000 - 0x000007fef7cfb000 	C:\Windows\System32\winrnr.dll
0x000007fefb400000 - 0x000007fefb407000 	C:\Windows\System32\wshtcpip.dll
0x000007fefa0f0000 - 0x000007fefa117000 	C:\Windows\system32\IPHLPAPI.DLL
0x000007fefa0e0000 - 0x000007fefa0eb000 	C:\Windows\system32\WINNSI.DLL
0x000007fef7d70000 - 0x000007fef7d78000 	C:\Windows\system32\rasadhlp.dll
0x000007fef81c0000 - 0x000007fef8213000 	C:\Windows\System32\fwpuclnt.dll
0x000007fefbab0000 - 0x000007fefbac8000 	C:\Windows\system32\CRYPTSP.dll
0x000007fefb6e0000 - 0x000007fefb727000 	C:\Windows\system32\rsaenh.dll
0x000007fefca30000 - 0x000007fefca4f000 	C:\Windows\system32\USERENV.dll
0x000007fefc0c0000 - 0x000007fefc0cf000 	C:\Windows\system32\CRYPTBASE.dll
0x000007fef8140000 - 0x000007fef8151000 	C:\Windows\system32\dhcpcsvc6.DLL
0x000007fef8120000 - 0x000007fef8138000 	C:\Windows\system32\dhcpcsvc.DLL

VM Arguments:
jvm_args: -Dcom.sun.management.jmxremote -Dcom.sun.management.jmxremote.port=55386 -Dcom.sun.management.jmxremote.authenticate=false -Dcom.sun.management.jmxremote.ssl=false -Dspring.liveBeansView.mbeanDomain -Dspring.application.admin.enabled=true -Dfile.encoding=UTF-8 
java_command: com.projectManager.projectManager.ProjectManagerApplication --spring.output.ansi.enabled=always
java_class_path (initial): C:\Users\n0241133\git\projectManager_07302019\target\classes;C:\Users\n0241133\.m2\repository\org\springframework\boot\spring-boot-starter-data-jpa\2.1.6.RELEASE\spring-boot-starter-data-jpa-2.1.6.RELEASE.jar;C:\Users\n0241133\.m2\repository\org\springframework\boot\spring-boot-starter-aop\2.1.6.RELEASE\spring-boot-starter-aop-2.1.6.RELEASE.jar;C:\Users\n0241133\.m2\repository\org\springframework\spring-aop\5.1.8.RELEASE\spring-aop-5.1.8.RELEASE.jar;C:\Users\n0241133\.m2\repository\org\aspectj\aspectjweaver\1.9.4\aspectjweaver-1.9.4.jar;C:\Users\n0241133\.m2\repository\javax\transaction\javax.transaction-api\1.3\javax.transaction-api-1.3.jar;C:\Users\n0241133\.m2\repository\javax\xml\bind\jaxb-api\2.3.1\jaxb-api-2.3.1.jar;C:\Users\n0241133\.m2\repository\javax\activation\javax.activation-api\1.2.0\javax.activation-api-1.2.0.jar;C:\Users\n0241133\.m2\repository\org\hibernate\hibernate-core\5.3.10.Final\hibernate-core-5.3.10.Final.jar;C:\Users\n0241133\.m2\repository\org\jboss\logging\jboss-logging\3.3.2.Final\jboss-logging-3.3.2.Final.jar;C:\Users\n0241133\.m2\repository\javax\persistence\javax.persistence-api\2.2\javax.persistence-api-2.2.jar;C:\Users\n0241133\.m2\repository\org\javassist\javassist\3.23.2-GA\javassist-3.23.2-GA.jar;C:\Users\n0241133\.m2\repository\net\bytebuddy\byte-buddy\1.9.13\byte-buddy-1.9.13.jar;C:\Users\n0241133\.m2\repository\antlr\antlr\2.7.7\antlr-2.7.7.jar;C:\Users\n0241133\.m2\repository\org\jboss\jandex\2.0.5.Final\jandex-2.0.5.Final.jar;C:\Users\n0241133\.m2\repository\com\fasterxml\classmate\1.4.0\classmate-1.4.0.jar;C:\Users\n0241133\.m2\repository\org\dom4j\dom4j\2.1.1\dom4j-2.1.1.jar;C:\Users\n0241133\.m2\repository\org\hibernate\common\hibernate-commons-annotations\5.0.4.Final\hibernate-commons-annotations-5.0.4.Final.jar;C:\Users\n0241133\.m2\repository\org\springframework\data\spring-data-jpa\2.1.9.RELEASE\spring-data-jpa-2.1.9.RELEASE.jar;C:\Users\n0241133\.m2\repository\org\springframework\data\spri
Launcher Type: SUN_STANDARD

Environment Variables:
JAVA_HOME=C:\Program Files\Java\jdk1.8.0_171
JRE_HOME=C:\Program Files\Java\jre1.8.0_171
PATH=C:/Program Files/Java/jre1.8.0_171/bin/server;C:/Program Files/Java/jre1.8.0_171/bin;C:/Program Files/Java/jre1.8.0_171/lib/amd64;C:\Program Files (x86)\Common Files\Oracle\Java\javapath;C:\Program Files (x86)\RSA SecurID Token Common;C:\ProgramData\Oracle\Java\javapath;C:\Windows\system32;C:\Windows;C:\Windows\System32\Wbem;c:\Program Files\Citrix\System32\;c:\Program Files\Citrix\ICAService\;c:\Program Files\Citrix\Virtual Desktop Agent\;C:\Program Files\Git\cmd;C:\Program Files (x86)\Java\jre1.8.0_91\bin;C:\Windows\System32\WindowsPowerShell\v1.0\;C:\Program Files\nodejs\;C:\Program Files (x86)\Brackets\command;C:\Program Files\Microsoft VS Code\bin;C:\Program Files\MySQL\MySQL Utilities 1.6\;C:\Users\n0241133\AppData\Roaming\npm;C:\Users\n0241133\AppData\Local\Eclipse;
USERNAME=n0241133
OS=Windows_NT
PROCESSOR_IDENTIFIER=Intel64 Family 6 Model 37 Stepping 1, GenuineIntel



---------------  S Y S T E M  ---------------

OS: Windows 7 , 64 bit Build 7601 (6.1.7601.24475)

CPU:total 2 (initial active 2) (2 cores per cpu, 1 threads per core) family 6 model 37 stepping 1, cmov, cx8, fxsr, mmx, sse, sse2, sse3, ssse3, sse4.1, sse4.2, popcnt, aes, clmul, tsc, tscinvbit

Memory: 4k page, physical 4193784k(79860k free), swap 8316664k(5080k free)

vm_info: Java HotSpot(TM) 64-Bit Server VM (25.171-b11) for windows-amd64 JRE (1.8.0_171-b11), built on Mar 28 2018 16:06:12 by "java_re" with MS VC++ 10.0 (VS2010)

time: Tue Aug 06 09:46:03 2019
elapsed time: 19 seconds (0d 0h 0m 19s)

